Removed Parameter Bauteilwert:1.2k (75V, 100mW, 1%) from Part R14
Removed Parameter Bauteilwert:1k (75V, 100mW, 1%) from Part R14
Removed Parameter Bauteilwert:1k (75V, 100mW, 1%) from Part R14
Removed Parameter Bauteilwert:2.2µH from Part L1
Removed Parameter Bauteilwert:2.2µH from Part L1
Removed Parameter Bauteilwert:13.56MHz from Part A1
Removed Parameter Bauteilwert:15k (75V, 100mW, 1%) from Part R10
Removed Parameter Bauteilwert:68k (75V, 100mW, 1%) from Part R3
Removed Parameter Bauteilwert:110k (75V, 100mW, 1%) from Part R9
Removed Parameter Bauteilwert:820 (75V, 100mW, 1%) from Part R13
Removed Parameter Bauteilwert:B5819W from Part D2
Removed Parameter Bauteilwert:B5819W from Part D2
Removed Parameter Bauteilwert:B5819W from Part D2
Removed Parameter Bauteilwert:B5819W from Part D2
Removed Parameter Bauteilwert:B5819W from Part D2
Removed Parameter Bauteilwert:LQH32PN4R7NN0L (4.7µH, 1.0A) from Part L1
Removed Parameter Bauteilwert:LQH32PN4R7NN0L (4.7µH, 1.0A) from Part L1
Removed Parameter Bauteilwert:Red (5mA, 2.0V) from Part P5
Removed Parameter Bauteilwert:SK6812D-EC3210R from Part P1
Removed Parameter Bauteilwert:SK6812D-EC3210R from Part P1
Removed Parameter Bauteilwert:SK6812D-EC3210R from Part P1
Removed Parameter Bauteilwert:SK6812D-EC3210R from Part P1
Removed Parameter Bauteilwert:WJ500V-5.08-2P (2-Pol, 250V, 8A, 5.08mm) from Part X3
Removed Parameter Bauteilwert:WJ500V-5.08-2P (2-Pol, 250V, 8A, 5.08mm) from Part X3
Removed Parameter Bauteilwert:WS2812B-4020 from Part P1
Removed Parameter Bauteilwert:Ø 0.8mm from Part TP43
Removed Parameter Bauteilwert:Ø 0.8mm from Part TP43
Removed Parameter Bauteilwert:Ø 0.8mm from Part TP43
Removed Parameter Bauteilwert:Ø 0.8mm from Part TP43
Removed Parameter Bauteilwert:Ø 0.8mm from Part TP43
Removed Parameter Bauteilwert:Ø 0.8mm from Part TP43
Removed Parameter Beschreibung:Dickschicht Chipwiderstand from Part R3
Removed Parameter Beschreibung:Dickschicht Chipwiderstand from Part R9
Removed Parameter Beschreibung:Dickschicht Chipwiderstand from Part R10
Removed Parameter Beschreibung:Dickschicht Chipwiderstand from Part R13
Removed Parameter Beschreibung:Dickschicht Chipwiderstand from Part R14
Removed Parameter Beschreibung:Dickschicht Chipwiderstand from Part R14
Removed Parameter Beschreibung:Dickschicht Chipwiderstand from Part R14
Removed Parameter Beschreibung:Low Power LED from Part P5
Removed Parameter Beschreibung:Low Voltage Schottky-Diode from Part D2
Removed Parameter Beschreibung:Low Voltage Schottky-Diode from Part D2
Removed Parameter Beschreibung:Low Voltage Schottky-Diode from Part D2
Removed Parameter Beschreibung:Low Voltage Schottky-Diode from Part D2
Removed Parameter Beschreibung:Low Voltage Schottky-Diode from Part D2
Removed Parameter Beschreibung:Molded Power Inductor from Part L1
Removed Parameter Beschreibung:Molded Power Inductor from Part L1
Removed Parameter Beschreibung:Multilayer Chip Inductor from Part L1
Removed Parameter Beschreibung:Multilayer Chip Inductor from Part L1
Removed Parameter Beschreibung:PCB Loop-Antenna from Part A1
Removed Parameter Beschreibung:Schraubklemme from Part X3
Removed Parameter Beschreibung:Schraubklemme from Part X3
Removed Parameter Beschreibung:Smart RGB-LED from Part P1
Removed Parameter Beschreibung:Smart RGB-LED from Part P1
Removed Parameter Beschreibung:Smart RGB-LED from Part P1
Removed Parameter Beschreibung:Smart RGB-LED from Part P1
Removed Parameter Beschreibung:Smart RGB-LED from Part P1
Removed Parameter Beschreibung:Testpunkt from Part TP43
Removed Parameter Beschreibung:Testpunkt from Part TP43
Removed Parameter Beschreibung:Testpunkt from Part TP43
Removed Parameter Beschreibung:Testpunkt from Part TP43
Removed Parameter Beschreibung:Testpunkt from Part TP43
Removed Parameter Beschreibung:Testpunkt from Part TP43
Removed Parameter Stückpreis:0.00 from Part A1
Removed Parameter Stückpreis:0.00 from Part TP43
Removed Parameter Stückpreis:0.00 from Part TP43
Removed Parameter Stückpreis:0.00 from Part TP43
Removed Parameter Stückpreis:0.00 from Part TP43
Removed Parameter Stückpreis:0.00 from Part TP43
Removed Parameter Stückpreis:0.00 from Part TP43
Removed Parameter Stückpreis:0.01 from Part L1
Removed Parameter Stückpreis:0.01 from Part L1
Removed Parameter Stückpreis:0.01 from Part R9
Removed Parameter Stückpreis:0.01 from Part R10
Removed Parameter Stückpreis:0.01 from Part R13
Removed Parameter Stückpreis:0.01 from Part R14
Removed Parameter Stückpreis:0.01 from Part R14
Removed Parameter Stückpreis:0.01 from Part R14
Removed Parameter Stückpreis:0.03 from Part D2
Removed Parameter Stückpreis:0.03 from Part D2
Removed Parameter Stückpreis:0.03 from Part D2
Removed Parameter Stückpreis:0.03 from Part D2
Removed Parameter Stückpreis:0.03 from Part D2
Removed Parameter Stückpreis:0.06 from Part R3
Removed Parameter Stückpreis:0.08 from Part X3
Removed Parameter Stückpreis:0.08 from Part X3
Removed Parameter Stückpreis:0.12 from Part L1
Removed Parameter Stückpreis:0.12 from Part L1
Removed Parameter Stückpreis:0.12 from Part P1
Removed Parameter Stückpreis:0.17 from Part P1
Removed Parameter Stückpreis:0.17 from Part P1
Removed Parameter Stückpreis:0.17 from Part P1
Removed Parameter Stückpreis:0.17 from Part P1
Removed Parameter Stückpreis:0.34 from Part P5
Added Parameter Component Description=Dickschicht Chipwiderstand to Part R3
Added Parameter Component Description=Dickschicht Chipwiderstand to Part R9
Added Parameter Component Description=Dickschicht Chipwiderstand to Part R10
Added Parameter Component Description=Dickschicht Chipwiderstand to Part R13
Added Parameter Component Description=Dickschicht Chipwiderstand to Part R14
Added Parameter Component Description=Dickschicht Chipwiderstand to Part R14
Added Parameter Component Description=Dickschicht Chipwiderstand to Part R14
Added Parameter Component Description=Low Power LED to Part P5
Added Parameter Component Description=Low Voltage Schottky-Diode to Part D2
Added Parameter Component Description=Low Voltage Schottky-Diode to Part D2
Added Parameter Component Description=Low Voltage Schottky-Diode to Part D2
Added Parameter Component Description=Low Voltage Schottky-Diode to Part D2
Added Parameter Component Description=Low Voltage Schottky-Diode to Part D2
Added Parameter Component Description=Molded Power Inductor to Part L1
Added Parameter Component Description=Molded Power Inductor to Part L1
Added Parameter Component Description=Multilayer Chip Inductor to Part L1
Added Parameter Component Description=Multilayer Chip Inductor to Part L1
Added Parameter Component Description=PCB Loop-Antenna to Part A1
Added Parameter Component Description=Schraubklemme to Part X3
Added Parameter Component Description=Schraubklemme to Part X3
Added Parameter Component Description=Smart RGB-LED to Part P1
Added Parameter Component Description=Smart RGB-LED to Part P1
Added Parameter Component Description=Smart RGB-LED to Part P1
Added Parameter Component Description=Smart RGB-LED to Part P1
Added Parameter Component Description=Smart RGB-LED to Part P1
Added Parameter Component Description=Testpunkt to Part TP43
Added Parameter Component Description=Testpunkt to Part TP43
Added Parameter Component Description=Testpunkt to Part TP43
Added Parameter Component Description=Testpunkt to Part TP43
Added Parameter Component Description=Testpunkt to Part TP43
Added Parameter Component Description=Testpunkt to Part TP43
Added Parameter ComponentLink1Description=Datasheet to Part P1
Added Parameter ComponentLink1Description=Datasheet to Part P1
Added Parameter ComponentLink1URL=https://datasheet.lcsc.com/lcsc/2108251530_OPSCO-Optoelectronics-SK6812D-EC3210R_C2890041.pdf to Part P1
Added Parameter ComponentLink1URL=https://datasheet.lcsc.com/lcsc/2108251530_OPSCO-Optoelectronics-SK6812D-EC3210R_C2890041.pdf to Part P1
Added Parameter Component Value=1.2k (75V, 100mW, 1%) to Part R14
Added Parameter Component Value=1k (75V, 100mW, 1%) to Part R14
Added Parameter Component Value=1k (75V, 100mW, 1%) to Part R14
Added Parameter Component Value=2.2µH to Part L1
Added Parameter Component Value=2.2µH to Part L1
Added Parameter Component Value=13.56MHz to Part A1
Added Parameter Component Value=15k (75V, 100mW, 1%) to Part R10
Added Parameter Component Value=68k (75V, 100mW, 1%) to Part R3
Added Parameter Component Value=110k (75V, 100mW, 1%) to Part R9
Added Parameter Component Value=820 (75V, 100mW, 1%) to Part R13
Added Parameter Component Value=B5819W to Part D2
Added Parameter Component Value=B5819W to Part D2
Added Parameter Component Value=B5819W to Part D2
Added Parameter Component Value=B5819W to Part D2
Added Parameter Component Value=B5819W to Part D2
Added Parameter Component Value=LQH32PN4R7NN0L (4.7µH, 1.0A) to Part L1
Added Parameter Component Value=LQH32PN4R7NN0L (4.7µH, 1.0A) to Part L1
Added Parameter Component Value=Red (5mA, 2.0V) to Part P5
Added Parameter Component Value=SK6812D-EC3210R to Part P1
Added Parameter Component Value=SK6812D-EC3210R to Part P1
Added Parameter Component Value=SK6812D-EC3210R to Part P1
Added Parameter Component Value=SK6812D-EC3210R to Part P1
Added Parameter Component Value=WJ500V-5.08-2P (2-Pol, 250V, 8A, 5.08mm) to Part X3
Added Parameter Component Value=WJ500V-5.08-2P (2-Pol, 250V, 8A, 5.08mm) to Part X3
Added Parameter Component Value=WS2812B-4020 to Part P1
Added Parameter Component Value=Ø 0.8mm to Part TP43
Added Parameter Component Value=Ø 0.8mm to Part TP43
Added Parameter Component Value=Ø 0.8mm to Part TP43
Added Parameter Component Value=Ø 0.8mm to Part TP43
Added Parameter Component Value=Ø 0.8mm to Part TP43
Added Parameter Component Value=Ø 0.8mm to Part TP43
Added Parameter Unit Price=0.00 to Part A1
Added Parameter Unit Price=0.00 to Part TP43
Added Parameter Unit Price=0.00 to Part TP43
Added Parameter Unit Price=0.00 to Part TP43
Added Parameter Unit Price=0.00 to Part TP43
Added Parameter Unit Price=0.00 to Part TP43
Added Parameter Unit Price=0.00 to Part TP43
Added Parameter Unit Price=0.01 to Part L1
Added Parameter Unit Price=0.01 to Part L1
Added Parameter Unit Price=0.01 to Part R9
Added Parameter Unit Price=0.01 to Part R10
Added Parameter Unit Price=0.01 to Part R13
Added Parameter Unit Price=0.01 to Part R14
Added Parameter Unit Price=0.01 to Part R14
Added Parameter Unit Price=0.01 to Part R14
Added Parameter Unit Price=0.03 to Part D2
Added Parameter Unit Price=0.03 to Part D2
Added Parameter Unit Price=0.03 to Part D2
Added Parameter Unit Price=0.03 to Part D2
Added Parameter Unit Price=0.03 to Part D2
Added Parameter Unit Price=0.06 to Part R3
Added Parameter Unit Price=0.08 to Part X3
Added Parameter Unit Price=0.08 to Part X3
Added Parameter Unit Price=0.12 to Part L1
Added Parameter Unit Price=0.12 to Part L1
Added Parameter Unit Price=0.12 to Part P1
Added Parameter Unit Price=0.17 to Part P1
Added Parameter Unit Price=0.17 to Part P1
Added Parameter Unit Price=0.17 to Part P1
Added Parameter Unit Price=0.17 to Part P1
Added Parameter Unit Price=0.34 to Part P5
